[debug] [2022-10-14T04:55:45.241Z] ----------------------------------------------------------------------
[debug] [2022-10-14T04:55:45.243Z] Command:       /Users/timkim0713/.nvm/versions/node/v16.13.0/bin/node /Users/timkim0713/.nvm/versions/node/v16.13.0/bin/firebase deploy
[debug] [2022-10-14T04:55:45.244Z] CLI Version:   11.13.0
[debug] [2022-10-14T04:55:45.244Z] Platform:      darwin
[debug] [2022-10-14T04:55:45.244Z] Node Version:  v16.13.0
[debug] [2022-10-14T04:55:45.248Z] Time:          Fri Oct 14 2022 00:55:45 GMT-0400 (Eastern Daylight Time)
[debug] [2022-10-14T04:55:45.249Z] ----------------------------------------------------------------------
[debug] 
[debug] [2022-10-14T04:55:45.256Z] >>> [apiv2][query] GET https://firebase-public.firebaseio.com/cli.json [none]
[debug] [2022-10-14T04:55:45.380Z] > command requires scopes: ["email","openid","https://www.googleapis.com/auth/cloudplatformprojects.readonly","https://www.googleapis.com/auth/firebase","https://www.googleapis.com/auth/cloud-platform"]
[debug] [2022-10-14T04:55:45.381Z] > authorizing via signed-in user (tim@logncoding.com)
[debug] [2022-10-14T04:55:45.381Z] [iam] checking project pill-finder-65d8d for permissions ["firebase.projects.get","firebasehosting.sites.update"]
[debug] [2022-10-14T04:55:45.383Z] > refreshing access token with scopes: []
[debug] [2022-10-14T04:55:45.384Z] >>> [apiv2][query] POST https://www.googleapis.com/oauth2/v3/token [none]
[debug] [2022-10-14T04:55:45.384Z] >>> [apiv2][body] POST https://www.googleapis.com/oauth2/v3/token [omitted]
[debug] [2022-10-14T04:55:45.536Z] <<< [apiv2][status] GET https://firebase-public.firebaseio.com/cli.json 200
[debug] [2022-10-14T04:55:45.540Z] <<< [apiv2][body] GET https://firebase-public.firebaseio.com/cli.json {"cloudBuildErrorAfter":1594252800000,"cloudBuildWarnAfter":1590019200000,"defaultNode10After":1594252800000,"minVersion":"3.0.5","node8DeploysDisabledAfter":1613390400000,"node8RuntimeDisabledAfter":1615809600000,"node8WarnAfter":1600128000000}
[debug] [2022-10-14T04:55:45.625Z] <<< [apiv2][status] POST https://www.googleapis.com/oauth2/v3/token 200
[debug] [2022-10-14T04:55:45.627Z] <<< [apiv2][body] POST https://www.googleapis.com/oauth2/v3/token [omitted]
[debug] [2022-10-14T04:55:45.680Z] >>> [apiv2][query] POST https://cloudresourcemanager.googleapis.com/v1/projects/pill-finder-65d8d:testIamPermissions [none]
[debug] [2022-10-14T04:55:45.680Z] >>> [apiv2][(partial)header] POST https://cloudresourcemanager.googleapis.com/v1/projects/pill-finder-65d8d:testIamPermissions x-goog-quota-user=projects/pill-finder-65d8d
[debug] [2022-10-14T04:55:45.680Z] >>> [apiv2][body] POST https://cloudresourcemanager.googleapis.com/v1/projects/pill-finder-65d8d:testIamPermissions {"permissions":["firebase.projects.get","firebasehosting.sites.update"]}
[debug] [2022-10-14T04:55:46.261Z] <<< [apiv2][status] POST https://cloudresourcemanager.googleapis.com/v1/projects/pill-finder-65d8d:testIamPermissions 200
[debug] [2022-10-14T04:55:46.264Z] <<< [apiv2][body] POST https://cloudresourcemanager.googleapis.com/v1/projects/pill-finder-65d8d:testIamPermissions {}
[debug] [2022-10-14T04:55:46.265Z] [iam] error while checking permissions, command may fail: FirebaseError: Authorization failed. This account is missing the following required permissions on project pill-finder-65d8d:

  firebase.projects.get
  firebasehosting.sites.update
[debug] [2022-10-14T04:55:46.267Z] >>> [apiv2][query] GET https://firebase.googleapis.com/v1beta1/projects/pill-finder-65d8d [none]
[debug] [2022-10-14T04:55:46.780Z] <<< [apiv2][status] GET https://firebase.googleapis.com/v1beta1/projects/pill-finder-65d8d 403
[debug] [2022-10-14T04:55:46.782Z] <<< [apiv2][body] GET https://firebase.googleapis.com/v1beta1/projects/pill-finder-65d8d {"error":{"code":403,"message":"The caller does not have permission","status":"PERMISSION_DENIED"}}
[debug] [2022-10-14T04:55:46.784Z] HTTP Error: 403, The caller does not have permission
[debug] [2022-10-14T04:55:46.935Z] FirebaseError: HTTP Error: 403, The caller does not have permission
    at responseToError (/Users/timkim0713/.nvm/versions/node/v16.13.0/lib/node_modules/firebase-tools/lib/responseToError.js:49:12)
    at RetryOperation._fn (/Users/timkim0713/.nvm/versions/node/v16.13.0/lib/node_modules/firebase-tools/lib/apiv2.js:288:77)
    at processTicksAndRejections (node:internal/process/task_queues:96:5)
[error] 
[error] Error: Failed to get Firebase project pill-finder-65d8d. Please make sure the project exists and your account has permission to access it.
